<?xml version="1.0" encoding="UTF-8"?>
<!-- Generated by org.testng.reporters.JUnitReportReporter -->
<testsuite hostname="LAPTOP-OJ48U42V" failures="0" tests="1" name="Main.TcExecute" time="0.008" errors="0" timestamp="03 Jul 2019 14:36:49 GMT" skipped="0">
  <testcase classname="Main.TcExecute" name="test" time="0.008"/>
</testsuite> <!-- Main.TcExecute -->
